[debug] [2026-04-13T00:03:35.997Z] ----------------------------------------------------------------------
[debug] [2026-04-13T00:03:35.999Z] Command:       C:\Program Files\nodejs\node.exe C:\Users\hello\AppData\Roaming\npm\node_modules\firebase-tools\lib\bin\firebase.js init
[debug] [2026-04-13T00:03:35.999Z] CLI Version:   15.14.0
[debug] [2026-04-13T00:03:35.999Z] Platform:      win32
[debug] [2026-04-13T00:03:35.999Z] Node Version:  v24.12.0
[debug] [2026-04-13T00:03:35.999Z] Time:          Mon Apr 13 2026 05:33:35 GMT+0530 (India Standard Time)
[debug] [2026-04-13T00:03:35.999Z] ----------------------------------------------------------------------
[debug] 
[info] 
     ######## #### ########  ######## ########     ###     ######  ########
     ##        ##  ##     ## ##       ##     ##  ##   ##  ##       ##
     ######    ##  ########  ######   ########  #########  ######  ######
     ##        ##  ##    ##  ##       ##     ## ##     ##       ## ##
     ##       #### ##     ## ######## ########  ##     ##  ######  ########

You're about to initialize a Firebase project in this directory:

  C:\Users\hello\Downloads\netflix-clone-master (2)\netflix-clone-master

[info] 
=== Project Setup
[info] 
[info] First, let's associate this project directory with a Firebase project.
[info] You can create multiple project aliases by running firebase use --add, 
[info] 
[info] i  If you want to create a project in a Google Cloud organization or folder, please use "firebase projects:create" instead, and return to this command when you've created the project. 
[debug] [2026-04-13T00:03:52.490Z] > command requires scopes: ["email","openid","https://www.googleapis.com/auth/cloudplatformprojects.readonly","https://www.googleapis.com/auth/firebase","https://www.googleapis.com/auth/cloud-platform"]
[debug] [2026-04-13T00:03:52.491Z] > authorizing via signed-in user (rahuljais320@gmail.com)
[debug] [2026-04-13T00:04:04.809Z] Checked if tokens are valid: false, expires at: 1775995536822
[debug] [2026-04-13T00:04:04.809Z] Checked if tokens are valid: false, expires at: 1775995536822
[debug] [2026-04-13T00:04:04.809Z] > refreshing access token with scopes: []
[debug] [2026-04-13T00:04:04.812Z] >>> [apiv2][query] POST https://www.googleapis.com/oauth2/v3/token [none]
[debug] [2026-04-13T00:04:04.812Z] >>> [apiv2][body] POST https://www.googleapis.com/oauth2/v3/token [omitted]
[debug] [2026-04-13T00:04:05.086Z] <<< [apiv2][status] POST https://www.googleapis.com/oauth2/v3/token 200
[debug] [2026-04-13T00:04:05.086Z] <<< [apiv2][body] POST https://www.googleapis.com/oauth2/v3/token [omitted]
[debug] [2026-04-13T00:04:05.092Z] >>> [apiv2][query] POST https://firebase.googleapis.com/v1/projects:checkProjectId [none]
[debug] [2026-04-13T00:04:05.092Z] >>> [apiv2][body] POST https://firebase.googleapis.com/v1/projects:checkProjectId {"proposedId":"netflix1"}
[debug] [2026-04-13T00:04:06.033Z] <<< [apiv2][status] POST https://firebase.googleapis.com/v1/projects:checkProjectId 200
[debug] [2026-04-13T00:04:06.033Z] <<< [apiv2][body] POST https://firebase.googleapis.com/v1/projects:checkProjectId {"projectIdStatus":"PROJECT_ID_UNAVAILABLE","suggestedProjectId":"netflix1-56026"}
[debug] [2026-04-13T00:04:13.114Z] Checked if tokens are valid: true, expires at: 1776042244086
[debug] [2026-04-13T00:04:13.115Z] Checked if tokens are valid: true, expires at: 1776042244086
[debug] [2026-04-13T00:04:13.116Z] >>> [apiv2][query] POST https://firebase.googleapis.com/v1/projects:checkProjectId [none]
[debug] [2026-04-13T00:04:13.116Z] >>> [apiv2][body] POST https://firebase.googleapis.com/v1/projects:checkProjectId {"proposedId":"netflix"}
[debug] [2026-04-13T00:04:14.182Z] <<< [apiv2][status] POST https://firebase.googleapis.com/v1/projects:checkProjectId 200
[debug] [2026-04-13T00:04:14.182Z] <<< [apiv2][body] POST https://firebase.googleapis.com/v1/projects:checkProjectId {"projectIdStatus":"PROJECT_ID_UNAVAILABLE","suggestedProjectId":"netflix-7efb4"}
[debug] [2026-04-13T00:04:16.740Z] Checked if tokens are valid: true, expires at: 1776042244086
[debug] [2026-04-13T00:04:16.740Z] Checked if tokens are valid: true, expires at: 1776042244086
[debug] [2026-04-13T00:04:16.741Z] >>> [apiv2][query] POST https://firebase.googleapis.com/v1/projects:checkProjectId [none]
[debug] [2026-04-13T00:04:16.741Z] >>> [apiv2][body] POST https://firebase.googleapis.com/v1/projects:checkProjectId {"proposedId":"netflix_"}
[debug] [2026-04-13T00:04:17.224Z] <<< [apiv2][status] POST https://firebase.googleapis.com/v1/projects:checkProjectId 400
[debug] [2026-04-13T00:04:17.225Z] <<< [apiv2][body] POST https://firebase.googleapis.com/v1/projects:checkProjectId {"error":{"code":400,"message":"Request contains an invalid argument.","status":"INVALID_ARGUMENT"}}
[debug] [2026-04-13T00:04:17.225Z] Couldn't check if project ID netflix_ is available. Original error: FirebaseError: Failed to check if project ID is available. See firebase-debug.log for more info.
[debug] [2026-04-13T00:04:22.858Z] Checked if tokens are valid: true, expires at: 1776042244086
[debug] [2026-04-13T00:04:22.858Z] Checked if tokens are valid: true, expires at: 1776042244086
[debug] [2026-04-13T00:04:22.858Z] >>> [apiv2][query] POST https://cloudresourcemanager.googleapis.com/v1/projects [none]
[debug] [2026-04-13T00:04:22.858Z] >>> [apiv2][body] POST https://cloudresourcemanager.googleapis.com/v1/projects {"projectId":"netflix_","name":"netflix_"}
[debug] [2026-04-13T00:04:24.396Z] <<< [apiv2][status] POST https://cloudresourcemanager.googleapis.com/v1/projects 400
[debug] [2026-04-13T00:04:24.396Z] <<< [apiv2][body] POST https://cloudresourcemanager.googleapis.com/v1/projects {"error":{"code":400,"message":"Request contains an invalid argument.","status":"INVALID_ARGUMENT","details":[{"@type":"type.googleapis.com/google.rpc.BadRequest","fieldViolations":[{"field":"project_id","description":"project_id contains invalid characters"},{"field":"display_name","description":"project display name contains invalid characters"}]},{"@type":"type.googleapis.com/google.rpc.Help","links":[{"url":"https://cloud.google.com/resource-manager/reference/rest/v1/projects"}]}]}}
[debug] [2026-04-13T00:04:24.404Z] FirebaseError: Request to https://cloudresourcemanager.googleapis.com/v1/projects had HTTP Error: 400, Request contains an invalid argument.
    at responseToError (C:\Users\hello\AppData\Roaming\npm\node_modules\firebase-tools\lib\responseToError.js:53:12)
    at RetryOperation._fn (C:\Users\hello\AppData\Roaming\npm\node_modules\firebase-tools\lib\apiv2.js:333:77)
    at process.processTicksAndRejections (node:internal/process/task_queues:103:5)
[error] 
[error] Error: Failed to create project. See firebase-debug.log for more info.
[debug] [2026-04-13T00:04:43.899Z] ----------------------------------------------------------------------
[debug] [2026-04-13T00:04:43.901Z] Command:       C:\Program Files\nodejs\node.exe C:\Users\hello\AppData\Roaming\npm\node_modules\firebase-tools\lib\bin\firebase.js init
[debug] [2026-04-13T00:04:43.901Z] CLI Version:   15.14.0
[debug] [2026-04-13T00:04:43.901Z] Platform:      win32
[debug] [2026-04-13T00:04:43.901Z] Node Version:  v24.12.0
[debug] [2026-04-13T00:04:43.901Z] Time:          Mon Apr 13 2026 05:34:43 GMT+0530 (India Standard Time)
[debug] [2026-04-13T00:04:43.901Z] ----------------------------------------------------------------------
[debug] 
[info] 
     ######## #### ########  ######## ########     ###     ######  ########
     ##        ##  ##     ## ##       ##     ##  ##   ##  ##       ##
     ######    ##  ########  ######   ########  #########  ######  ######
     ##        ##  ##    ##  ##       ##     ## ##     ##       ## ##
     ##       #### ##     ## ######## ########  ##     ##  ######  ########

You're about to initialize a Firebase project in this directory:

  C:\Users\hello\Downloads\netflix-clone-master (2)\netflix-clone-master

[info] 
=== Project Setup
[info] 
[info] First, let's associate this project directory with a Firebase project.
[info] You can create multiple project aliases by running firebase use --add, 
[info] 
[debug] [2026-04-13T00:04:54.727Z] > command requires scopes: ["email","openid","https://www.googleapis.com/auth/cloudplatformprojects.readonly","https://www.googleapis.com/auth/firebase","https://www.googleapis.com/auth/cloud-platform"]
[debug] [2026-04-13T00:04:54.727Z] > authorizing via signed-in user (rahuljais320@gmail.com)
[debug] [2026-04-13T00:04:54.728Z] Checked if tokens are valid: true, expires at: 1776042244086
[debug] [2026-04-13T00:04:54.728Z] Checked if tokens are valid: true, expires at: 1776042244086
[debug] [2026-04-13T00:04:54.729Z] >>> [apiv2][query] GET https://firebase.googleapis.com/v1beta1/projects pageSize=100
[debug] [2026-04-13T00:04:55.476Z] <<< [apiv2][status] GET https://firebase.googleapis.com/v1beta1/projects 200
[debug] [2026-04-13T00:04:55.477Z] <<< [apiv2][body] GET https://firebase.googleapis.com/v1beta1/projects [omitted]
